app/build/outputs/logs/manifest-merger-debug-report.txt
-- Merging decision tree log ---
manifest
ADDED from src\main\AndroidManifest.xml:2:1-83:12
	package
		ADDED from src\main\AndroidManifest.xml:3:5-31
		INJECTED from src\main\AndroidManifest.xml
		INJECTED from src\main\AndroidManifest.xml
	android:versionName
		ADDED from src\main\AndroidManifest.xml:5:5-30
		INJECTED from src\main\AndroidManifest.xml
		INJECTED from src\main\AndroidManifest.xml
	android:versionCode
		ADDED from src\main\AndroidManifest.xml:4:5-28
		INJECTED from src\main\AndroidManifest.xml
		INJECTED from src\main\AndroidManifest.xml
	xmlns:android
		ADDED from src\main\AndroidManifest.xml:2:11-69
uses-sdk
ADDED from src\main\AndroidManifest.xml:7:5-9:41
MERGED from [com.android.support:support-v4:22.2.1] AndroidManifest.xml:20:5-43
	android:targetSdkVersion
		ADDED from src\main\AndroidManifest.xml:9:9-38
		INJECTED from src\main\AndroidManifest.xml
		INJECTED from src\main\AndroidManifest.xml
	android:minSdkVersion
		ADDED from src\main\AndroidManifest.xml:8:9-35
		INJECTED from src\main\AndroidManifest.xml
		INJECTED from src\main\AndroidManifest.xml
uses-permission#android.permission.READ_EXTERNAL_STORAGE
ADDED from src\main\AndroidManifest.xml:11:5-80
	android:name
		ADDED from src\main\AndroidManifest.xml:11:22-77
uses-permission#android.permission.WRITE_EXTERNAL_STORAGE
ADDED from src\main\AndroidManifest.xml:12:5-81
	android:name
		ADDED from src\main\AndroidManifest.xml:12:22-78
uses-permission#android.permission.INTERNET
ADDED from src\main\AndroidManifest.xml:13:5-67
	android:name
		ADDED from src\main\AndroidManifest.xml:13:22-64
uses-permission#android.permission.VIBRATE
ADDED from src\main\AndroidManifest.xml:14:5-66
	android:name
		ADDED from src\main\AndroidManifest.xml:14:22-63
uses-permission#android.permission.BROADCAST_STICKY
ADDED from src\main\AndroidManifest.xml:15:5-75
	android:name
		ADDED from src\main\AndroidManifest.xml:15:22-72
uses-permission#android.permission.BLUETOOTH
ADDED from src\main\AndroidManifest.xml:16:5-68
	android:name
		ADDED from src\main\AndroidManifest.xml:16:22-65
uses-permission#android.permission.BLUETOOTH_ADMIN
ADDED from src\main\AndroidManifest.xml:17:5-74
	android:name
		ADDED from src\main\AndroidManifest.xml:17:22-71
application
ADDED from src\main\AndroidManifest.xml:19:5-81:19
MERGED from [com.android.support:support-v4:22.2.1] AndroidManifest.xml:22:5-20
	android:label
		ADDED from src\main\AndroidManifest.xml:23:9-41
	android:allowTaskReparenting
		ADDED from src\main\AndroidManifest.xml:21:9-45
	android:allowBackup
		ADDED from src\main\AndroidManifest.xml:20:9-35
	android:icon
		ADDED from src\main\AndroidManifest.xml:22:9-45
	android:theme
		ADDED from src\main\AndroidManifest.xml:24:9-67
service#com.guanyi.rehab.PebbleSensorService
ADDED from src\main\AndroidManifest.xml:25:9-72
	android:name
		ADDED from src\main\AndroidManifest.xml:25:18-69
activity#com.guanyi.rehab.MainActivity
ADDED from src\main\AndroidManifest.xml:27:9-35:20
	android:label
		ADDED from src\main\AndroidManifest.xml:29:13-45
	android:name
		ADDED from src\main\AndroidManifest.xml:28:13-57
intent-filter#android.intent.action.MAIN+android.intent.category.LAUNCHER
ADDED from src\main\AndroidManifest.xml:30:13-34:29
action#android.intent.action.MAIN
ADDED from src\main\AndroidManifest.xml:31:17-69
	android:name
		ADDED from src\main\AndroidManifest.xml:31:25-66
category#android.intent.category.LAUNCHER
ADDED from src\main\AndroidManifest.xml:33:17-77
	android:name
		ADDED from src\main\AndroidManifest.xml:33:27-74
activity#com.guanyi.rehab.main
ADDED from src\main\AndroidManifest.xml:36:9-38:36
	android:label
		ADDED from src\main\AndroidManifest.xml:38:13-33
	android:name
		ADDED from src\main\AndroidManifest.xml:37:13-49
activity#com.guanyi.rehab.record
ADDED from src\main\AndroidManifest.xml:39:9-41:38
	android:label
		ADDED from src\main\AndroidManifest.xml:41:13-35
	android:name
		ADDED from src\main\AndroidManifest.xml:40:13-51
activity#com.guanyi.rehab.video
ADDED from src\main\AndroidManifest.xml:42:9-44:37
	android:label
		ADDED from src\main\AndroidManifest.xml:44:13-34
	android:name
		ADDED from src\main\AndroidManifest.xml:43:13-50
activity#com.guanyi.rehab.Test
ADDED from src\main\AndroidManifest.xml:45:9-47:36
	android:label
		ADDED from src\main\AndroidManifest.xml:47:13-33
	android:name
		ADDED from src\main\AndroidManifest.xml:46:13-49
activity#com.guanyi.rehab.selection
ADDED from src\main\AndroidManifest.xml:48:9-50:41
	android:label
		ADDED from src\main\AndroidManifest.xml:50:13-38
	android:name
		ADDED from src\main\AndroidManifest.xml:49:13-54
activity#com.guanyi.rehab.w_main
ADDED from src\main\AndroidManifest.xml:51:9-53:38
	android:label
		ADDED from src\main\AndroidManifest.xml:53:13-35
	android:name
		ADDED from src\main\AndroidManifest.xml:52:13-51
activity#com.guanyi.rehab.w_record
ADDED from src\main\AndroidManifest.xml:54:9-56:40
	android:label
		ADDED from src\main\AndroidManifest.xml:56:13-37
	android:name
		ADDED from src\main\AndroidManifest.xml:55:13-53
activity#com.guanyi.rehab.w_video
ADDED from src\main\AndroidManifest.xml:57:9-59:39
	android:label
		ADDED from src\main\AndroidManifest.xml:59:13-36
	android:name
		ADDED from src\main\AndroidManifest.xml:58:13-52
activity#com.guanyi.rehab.w_Test
ADDED from src\main\AndroidManifest.xml:60:9-62:38
	android:label
		ADDED from src\main\AndroidManifest.xml:62:13-35
	android:name
		ADDED from src\main\AndroidManifest.xml:61:13-51
activity#com.guanyi.rehab.WatchSelection
ADDED from src\main\AndroidManifest.xml:63:9-66:20
	android:label
		ADDED from src\main\AndroidManifest.xml:65:13-43
	android:name
		ADDED from src\main\AndroidManifest.xml:64:13-42
activity#com.guanyi.rehab.Pebble_main
ADDED from src\main\AndroidManifest.xml:67:9-70:20
	android:label
		ADDED from src\main\AndroidManifest.xml:69:13-40
	android:name
		ADDED from src\main\AndroidManifest.xml:68:13-39
activity#com.guanyi.rehab.Pebble_record
ADDED from src\main\AndroidManifest.xml:71:9-74:20
	android:label
		ADDED from src\main\AndroidManifest.xml:73:13-42
	android:name
		ADDED from src\main\AndroidManifest.xml:72:13-41
activity#com.guanyi.rehab.Pebble_test
ADDED from src\main\AndroidManifest.xml:75:9-78:20
	android:label
		ADDED from src\main\AndroidManifest.xml:77:13-40
	android:name
		ADDED from src\main\AndroidManifest.xml:76:13-39
activity#com.guanyi.rehab.Pebble_video
ADDED from src\main\AndroidManifest.xml:79:9-80:20
	android:name
		ADDED from src\main\AndroidManifest.xml:79:19-46